2017:02:28 15:47:53: Pipeline started. vars: {"status_file": "/Users/wenqingyu/workspace/pipelines_workspace/pipeline/8de0616e-fec2-44f5-82df-33755eb7c9d7/status.json", "log_file": "/Users/wenqingyu/workspace/pipelines_workspace/pipeline/8de0616e-fec2-44f5-82df-33755eb7c9d7/output.log", "sysPackSyncPath": "/Users/wenqingyu/workspace/syspack/"}
2017:02:28 15:47:53: Task started: Task-1
2017:02:28 15:47:53: Starting Sync SysPack Home Page from 
2017:02:28 15:47:53: Task finished, name: Task-1, status: 0, msg: Bash task finished
2017:02:28 15:47:53: Task started: Sync SysPack Webflow Page
2017:02:28 15:47:54: D	pipeline/62739b7b-b55f-4e2c-9a31-025fd54a8469/output.log
2017:02:28 15:47:54: D	pipeline/62739b7b-b55f-4e2c-9a31-025fd54a8469/status.json
2017:02:28 15:47:54: D	pipeline/6b8bfb01-e2c2-4bb4-8297-07f1b0b0405b/output.log
2017:02:28 15:47:54: D	pipeline/6b8bfb01-e2c2-4bb4-8297-07f1b0b0405b/status.json
2017:02:28 15:47:54: D	pipeline/96d5d133-0b60-4136-b297-b209c128a928/output.log
2017:02:28 15:47:54: D	pipeline/96d5d133-0b60-4136-b297-b209c128a928/status.json
2017:02:28 15:47:54: D	pipeline/cf668b04-ce46-4a6b-a657-393556a8ec6e/output.log
2017:02:28 15:47:54: D	pipeline/cf668b04-ce46-4a6b-a657-393556a8ec6e/status.json
2017:02:28 15:47:54: Already on 'master'
2017:02:28 15:47:54: Your branch is up-to-date with 'origin/master'.
2017:02:28 15:47:54: WARNING: combining -O with -r or -p will mean that all downloaded content
2017:02:28 15:47:54: will be placed in the single file you specified.
2017:02:28 15:47:54: --2017-02-28 15:47:54--  https://syspack.webflow.io/
2017:02:28 15:47:54: Resolving syspack.webflow.io... 151.101.73.95
2017:02:28 15:47:54: Connecting to syspack.webflow.io|151.101.73.95|:443... connected.
2017:02:28 15:47:54: HTTP request sent, awaiting response... 200 OK
2017:02:28 15:47:54: Length: 14137 (14K) [text/html]
